{
  "stats": {
    "suites": 4,
    "tests": 6,
    "passes": 6,
    "pending": 0,
    "failures": 0,
    "start": "2025-07-01T17:18:34.183Z",
    "end": "2025-07-01T17:19:17.602Z",
    "duration": 43419,
    "testsRegistered": 6,
    "passPercent": 100,
    "pendingPercent": 0,
    "other": 0,
    "hasOther": false,
    "skipped": 0,
    "hasSkipped": false
  },
  "results": [
    {
      "uuid": "fd4e9d99-d755-442b-8b8e-176b0ab0c180",
      "title": "",
      "fullFile": "cypress\\e2e\\uiTest.cy.js",
      "file": "cypress\\e2e\\uiTest.cy.js",
      "beforeHooks": [],
      "afterHooks": [],
      "tests": [],
      "suites": [
        {
          "uuid": "e4dd79e2-c330-48de-85c2-e19806e72637",
          "title": "Validate User is Register",
          "fullFile": "",
          "file": "",
          "beforeHooks": [],
          "afterHooks": [],
          "tests": [
            {
              "title": "Verify User is able to login",
              "fullTitle": "Validate User is Register Verify User is able to login",
              "timedOut": null,
              "duration": 6724,
              "state": "passed",
              "speed": "medium",
              "pass": true,
              "fail": false,
              "pending": false,
              "context": null,
              "code": "cy.fixture('Testdata').then(registerUserdata => {\n  const loginobj = new _Login.default();\n  loginobj.clickLogin();\n  loginobj.setUserName(registerUserdata.UserName);\n  loginobj.setPassword(registerUserdata.UserPassword);\n  cy.logger('application', \"Entered User Details-->Login Test\");\n  loginobj.clickLoginbtn();\n  loginobj.verifyLoginSuccessMsg(registerUserdata.loginmsg);\n  cy.logger('application', \"Validated success Login Msg-->Login Test\");\n  const loadTime = Date.now() - startTime;\n  cy.logger('performance', `TotalTime taken to LoginUser: ${loadTime}ms`);\n});",
              "err": {},
              "uuid": "e57c587a-2c32-44ba-b609-d76f7e08f8e5",
              "parentUUID": "e4dd79e2-c330-48de-85c2-e19806e72637",
              "isHook": false,
              "skipped": false
            }
          ],
          "suites": [],
          "passes": [
            "e57c587a-2c32-44ba-b609-d76f7e08f8e5"
          ],
          "failures": [],
          "pending": [],
          "skipped": [],
          "duration": 6724,
          "root": false,
          "rootEmpty": false,
          "_timeout": 2000
        },
        {
          "uuid": "40b02f04-cea0-4d91-a22d-bee708207bb0",
          "title": "Validate User is Register",
          "fullFile": "",
          "file": "",
          "beforeHooks": [],
          "afterHooks": [],
          "tests": [
            {
              "title": "Verify User is able to signup",
              "fullTitle": "Validate User is Register Verify User is able to signup",
              "timedOut": null,
              "duration": 1575,
              "state": "passed",
              "speed": "fast",
              "pass": true,
              "fail": false,
              "pending": false,
              "context": null,
              "code": "cy.fixture('Testdata').then(registerUserdata => {\n  const SignUpobj = new _SignUp.default();\n  SignUpobj.clickSignUp();\n  SignUpobj.setUserName(registerUserdata.UserName + Math.floor(Math.random() * 101));\n  SignUpobj.setPassword(registerUserdata.UserPassword);\n  cy.logger('application', 'Entered User details-->SignUp Test');\n  SignUpobj.clickSubmit();\n  SignUpobj.verifySuccessMsg(registerUserdata.expectedsignupMsg);\n  cy.logger('application', 'Verified User SignUp-->SignUp Test');\n  const loadTime = Date.now() - startTime;\n  cy.logger('performance', `TotalTime taken to registerUser: ${loadTime}ms`);\n});",
              "err": {},
              "uuid": "204618b6-1298-46a7-868b-52eea03773d9",
              "parentUUID": "40b02f04-cea0-4d91-a22d-bee708207bb0",
              "isHook": false,
              "skipped": false
            },
            {
              "title": "Verify User Exist message",
              "fullTitle": "Validate User is Register Verify User Exist message",
              "timedOut": null,
              "duration": 1458,
              "state": "passed",
              "speed": "fast",
              "pass": true,
              "fail": false,
              "pending": false,
              "context": null,
              "code": "cy.fixture('Testdata').then(registerUserdata => {\n  const SignUpobj = new _SignUp.default();\n  SignUpobj.clickSignUp();\n  SignUpobj.setUserName(registerUserdata.UserName);\n  SignUpobj.setPassword(registerUserdata.UserPassword);\n  SignUpobj.clickSubmit();\n  SignUpobj.verifyUserexist(registerUserdata.userExistMsg);\n  cy.logger('application', \"Verify User Exist message\");\n});",
              "err": {},
              "uuid": "63798cc9-688c-4fb2-8b34-6c656e2afc53",
              "parentUUID": "40b02f04-cea0-4d91-a22d-bee708207bb0",
              "isHook": false,
              "skipped": false
            },
            {
              "title": "Verify Invalid Data message",
              "fullTitle": "Validate User is Register Verify Invalid Data message",
              "timedOut": null,
              "duration": 2071,
              "state": "passed",
              "speed": "fast",
              "pass": true,
              "fail": false,
              "pending": false,
              "context": null,
              "code": "cy.fixture('Testdata').then(registerUserdata => {\n  const SignUpobj = new _SignUp.default();\n  SignUpobj.clickSignUp();\n  SignUpobj.clickSubmit();\n  SignUpobj.verifyUserexist(registerUserdata.InvalidDataMsg);\n  cy.logger('application', \"Verify Invalid Data message\");\n});",
              "err": {},
              "uuid": "7a6cd956-b1cd-4df2-8adb-d3553c6bf831",
              "parentUUID": "40b02f04-cea0-4d91-a22d-bee708207bb0",
              "isHook": false,
              "skipped": false
            }
          ],
          "suites": [],
          "passes": [
            "204618b6-1298-46a7-868b-52eea03773d9",
            "63798cc9-688c-4fb2-8b34-6c656e2afc53",
            "7a6cd956-b1cd-4df2-8adb-d3553c6bf831"
          ],
          "failures": [],
          "pending": [],
          "skipped": [],
          "duration": 5104,
          "root": false,
          "rootEmpty": false,
          "_timeout": 2000
        },
        {
          "uuid": "c1eda8ee-b04c-43cb-8d94-27e5d7f2035c",
          "title": "Validate Data Displayed on MonitorPage",
          "fullFile": "",
          "file": "",
          "beforeHooks": [],
          "afterHooks": [],
          "tests": [
            {
              "title": "Validate Price and Monitor Name is correct",
              "fullTitle": "Validate Data Displayed on MonitorPage Validate Price and Monitor Name is correct",
              "timedOut": null,
              "duration": 6739,
              "state": "passed",
              "speed": "medium",
              "pass": true,
              "fail": false,
              "pending": false,
              "context": null,
              "code": "cy.fixture('monitor').then(data => {\n  const loginobj = new _Login.default();\n  loginobj.clickLogin();\n  loginobj.setUserName(data.UserName);\n  loginobj.setPassword(data.UserPassword);\n  cy.logger('application', \"Entered User Details-->Login Test\");\n  loginobj.clickLoginbtn();\n  loginobj.verifyLoginSuccessMsg(data.loginmsg);\n  cy.logger('application', \"Validated success Login Msg-->Login Test\");\n  const monitorobj = new _Monitor.default();\n  monitorobj.isMonitorDisplayed();\n  monitorobj.ValidateMonitor1(data.monitor1);\n  monitorobj.Validatemonitor1Price(data.m1Price);\n  monitorobj.ValidateMonitor2(data.monitor2);\n  monitorobj.Validatemonitor2Price(data.m2Price);\n  const loadTime = Date.now() - startTime;\n  cy.logger('performance', `TotalTime taken to ValidateMonitor's: ${loadTime}ms`);\n});",
              "err": {},
              "uuid": "29c9a122-1a8c-4a37-ab1f-c9ea4c6f8cda",
              "parentUUID": "c1eda8ee-b04c-43cb-8d94-27e5d7f2035c",
              "isHook": false,
              "skipped": false
            }
          ],
          "suites": [],
          "passes": [
            "29c9a122-1a8c-4a37-ab1f-c9ea4c6f8cda"
          ],
          "failures": [],
          "pending": [],
          "skipped": [],
          "duration": 6739,
          "root": false,
          "rootEmpty": false,
          "_timeout": 2000
        },
        {
          "uuid": "f792b251-2db7-4dcb-b14a-98c53bafd78a",
          "title": "Validate User is able to make Purchase",
          "fullFile": "",
          "file": "",
          "beforeHooks": [],
          "afterHooks": [],
          "tests": [
            {
              "title": "Validate Add Product",
              "fullTitle": "Validate User is able to make Purchase Validate Add Product",
              "timedOut": null,
              "duration": 20145,
              "state": "passed",
              "speed": "slow",
              "pass": true,
              "fail": false,
              "pending": false,
              "context": "{\n  \"title\": \"cypress-mochawesome-reporter-screenshots\",\n  \"value\": [\n    [\n      \"\\\\uiTest.cy.js\\\\Validate User is able to make Purchase -- Validate Add Product.png\",\n      \"\\\\uiTest.cy.js\\\\Validate User is able to make Purchase -- Validate Add Product (1).png\",\n      \"\\\\uiTest.cy.js\\\\OrderPurchased.png\"\n    ]\n  ]\n}",
              "code": "cy.viewport(1920, 1080);\ncy.fixture('product').then(data => {\n  const loginobj = new _Login.default();\n  loginobj.clickLogin();\n  loginobj.setUserName(data.UserName);\n  loginobj.setPassword(data.UserPassword);\n  cy.logger('application', \"Entered User Details-->Login Test\");\n  loginobj.clickLoginbtn();\n  loginobj.verifyLoginSuccessMsg(data.loginmsg);\n  cy.logger('application', \"Validated success Login Msg-->Login Test\");\n  const prdobj = new _AddProduct.default();\n  prdobj.addProduct();\n  prdobj.enterName(data.name);\n  prdobj.entercountry(data.Country);\n  prdobj.entercity(data.City);\n  prdobj.entercard(data.Creditcard);\n  prdobj.entermonth(data.Month);\n  prdobj.enteryear(data.Year);\n  prdobj.clickPurchase();\n  prdobj.validateOrder();\n  const loadTime = Date.now() - startTime;\n  cy.logger('performance', `TotalTime taken to Purchase Product: ${loadTime}ms`);\n});",
              "err": {},
              "uuid": "f258740d-5c15-487c-94bd-9ef25d58770f",
              "parentUUID": "f792b251-2db7-4dcb-b14a-98c53bafd78a",
              "isHook": false,
              "skipped": false
            }
          ],
          "suites": [],
          "passes": [
            "f258740d-5c15-487c-94bd-9ef25d58770f"
          ],
          "failures": [],
          "pending": [],
          "skipped": [],
          "duration": 20145,
          "root": false,
          "rootEmpty": false,
          "_timeout": 2000
        }
      ],
      "passes": [],
      "failures": [],
      "pending": [],
      "skipped": [],
      "duration": 0,
      "root": true,
      "rootEmpty": true,
      "_timeout": 2000
    }
  ],
  "meta": {
    "mocha": {
      "version": "7.0.1"
    },
    "mochawesome": {
      "options": {
        "quiet": false,
        "reportFilename": "mochawesome",
        "saveHtml": true,
        "saveJson": true,
        "consoleReporter": "spec",
        "useInlineDiffs": false,
        "code": true
      },
      "version": "7.1.3"
    },
    "marge": {
      "options": {
        "reportDir": "cypress/reports/UIReport",
        "overwrite": false
      },
      "version": "6.2.0"
    }
  }
}