{
  "stats": {
    "suites": 4,
    "tests": 6,
    "passes": 6,
    "pending": 0,
    "failures": 0,
    "start": "2025-07-01T17:26:12.512Z",
    "end": "2025-07-01T17:26:58.657Z",
    "duration": 46145,
    "testsRegistered": 6,
    "passPercent": 100,
    "pendingPercent": 0,
    "other": 0,
    "hasOther": false,
    "skipped": 0,
    "hasSkipped": false
  },
  "results": [
    {
      "uuid": "061a562d-07a7-427b-b2ab-59a9baf35a28",
      "title": "",
      "fullFile": "cypress\\e2e\\uiTest.cy.js",
      "file": "cypress\\e2e\\uiTest.cy.js",
      "beforeHooks": [],
      "afterHooks": [],
      "tests": [],
      "suites": [
        {
          "uuid": "e0d6c76a-5767-4e64-9b3c-8249f315954e",
          "title": "Validate User is Register",
          "fullFile": "",
          "file": "",
          "beforeHooks": [],
          "afterHooks": [],
          "tests": [
            {
              "title": "Verify User is able to login",
              "fullTitle": "Validate User is Register Verify User is able to login",
              "timedOut": null,
              "duration": 7894,
              "state": "passed",
              "speed": "medium",
              "pass": true,
              "fail": false,
              "pending": false,
              "context": null,
              "code": "cy.fixture('Testdata').then(registerUserdata => {\n  const loginobj = new _Login.default();\n  loginobj.clickLogin();\n  loginobj.setUserName(registerUserdata.UserName);\n  loginobj.setPassword(registerUserdata.UserPassword);\n  cy.logger('application', \"Entered User Details-->Login Test\");\n  loginobj.clickLoginbtn();\n  loginobj.verifyLoginSuccessMsg(registerUserdata.loginmsg);\n  cy.logger('application', \"Validated success Login Msg-->Login Test\");\n  const loadTime = Date.now() - startTime;\n  cy.logger('performance', `TotalTime taken to LoginUser: ${loadTime}ms`);\n});",
              "err": {},
              "uuid": "9b3a2ce6-1492-4d70-8a24-cc784f98e07f",
              "parentUUID": "e0d6c76a-5767-4e64-9b3c-8249f315954e",
              "isHook": false,
              "skipped": false
            }
          ],
          "suites": [],
          "passes": [
            "9b3a2ce6-1492-4d70-8a24-cc784f98e07f"
          ],
          "failures": [],
          "pending": [],
          "skipped": [],
          "duration": 7894,
          "root": false,
          "rootEmpty": false,
          "_timeout": 2000
        },
        {
          "uuid": "b8c15ecc-4775-47b5-946d-9c0f426f4f54",
          "title": "Validate User is Register",
          "fullFile": "",
          "file": "",
          "beforeHooks": [],
          "afterHooks": [],
          "tests": [
            {
              "title": "Verify User is able to signup",
              "fullTitle": "Validate User is Register Verify User is able to signup",
              "timedOut": null,
              "duration": 2026,
              "state": "passed",
              "speed": "fast",
              "pass": true,
              "fail": false,
              "pending": false,
              "context": null,
              "code": "cy.fixture('Testdata').then(registerUserdata => {\n  const SignUpobj = new _SignUp.default();\n  SignUpobj.clickSignUp();\n  SignUpobj.setUserName(registerUserdata.UserName + Math.floor(Math.random() * 101));\n  SignUpobj.setPassword(registerUserdata.UserPassword);\n  cy.logger('application', 'Entered User details-->SignUp Test');\n  SignUpobj.clickSubmit();\n  SignUpobj.verifySuccessMsg(registerUserdata.expectedsignupMsg);\n  cy.logger('application', 'Verified User SignUp-->SignUp Test');\n  const loadTime = Date.now() - startTime;\n  cy.logger('performance', `TotalTime taken to registerUser: ${loadTime}ms`);\n});",
              "err": {},
              "uuid": "73898c88-a52f-46e4-8d91-cc826bfa1921",
              "parentUUID": "b8c15ecc-4775-47b5-946d-9c0f426f4f54",
              "isHook": false,
              "skipped": false
            },
            {
              "title": "Verify User Exist message",
              "fullTitle": "Validate User is Register Verify User Exist message",
              "timedOut": null,
              "duration": 2565,
              "state": "passed",
              "speed": "fast",
              "pass": true,
              "fail": false,
              "pending": false,
              "context": null,
              "code": "cy.fixture('Testdata').then(registerUserdata => {\n  const SignUpobj = new _SignUp.default();\n  SignUpobj.clickSignUp();\n  SignUpobj.setUserName(registerUserdata.UserName);\n  SignUpobj.setPassword(registerUserdata.UserPassword);\n  SignUpobj.clickSubmit();\n  SignUpobj.verifyUserexist(registerUserdata.userExistMsg);\n  cy.logger('application', \"Verify User Exist message\");\n});",
              "err": {},
              "uuid": "f7764197-f93d-4c34-bf7f-d48b3415b569",
              "parentUUID": "b8c15ecc-4775-47b5-946d-9c0f426f4f54",
              "isHook": false,
              "skipped": false
            },
            {
              "title": "Verify Invalid Data message",
              "fullTitle": "Validate User is Register Verify Invalid Data message",
              "timedOut": null,
              "duration": 1107,
              "state": "passed",
              "speed": "fast",
              "pass": true,
              "fail": false,
              "pending": false,
              "context": null,
              "code": "cy.fixture('Testdata').then(registerUserdata => {\n  const SignUpobj = new _SignUp.default();\n  SignUpobj.clickSignUp();\n  SignUpobj.clickSubmit();\n  SignUpobj.verifyUserexist(registerUserdata.InvalidDataMsg);\n  cy.logger('application', \"Verify Invalid Data message\");\n});",
              "err": {},
              "uuid": "35a63f98-b94a-44c6-aae7-48a49a0800e5",
              "parentUUID": "b8c15ecc-4775-47b5-946d-9c0f426f4f54",
              "isHook": false,
              "skipped": false
            }
          ],
          "suites": [],
          "passes": [
            "73898c88-a52f-46e4-8d91-cc826bfa1921",
            "f7764197-f93d-4c34-bf7f-d48b3415b569",
            "35a63f98-b94a-44c6-aae7-48a49a0800e5"
          ],
          "failures": [],
          "pending": [],
          "skipped": [],
          "duration": 5698,
          "root": false,
          "rootEmpty": false,
          "_timeout": 2000
        },
        {
          "uuid": "8b554d4a-007f-42d0-ab5c-2ae635dde8f0",
          "title": "Validate Data Displayed on MonitorPage",
          "fullFile": "",
          "file": "",
          "beforeHooks": [],
          "afterHooks": [],
          "tests": [
            {
              "title": "Validate Price and Monitor Name is correct",
              "fullTitle": "Validate Data Displayed on MonitorPage Validate Price and Monitor Name is correct",
              "timedOut": null,
              "duration": 6715,
              "state": "passed",
              "speed": "medium",
              "pass": true,
              "fail": false,
              "pending": false,
              "context": null,
              "code": "cy.fixture('monitor').then(data => {\n  const loginobj = new _Login.default();\n  loginobj.clickLogin();\n  loginobj.setUserName(data.UserName);\n  loginobj.setPassword(data.UserPassword);\n  cy.logger('application', \"Entered User Details-->Login Test\");\n  loginobj.clickLoginbtn();\n  loginobj.verifyLoginSuccessMsg(data.loginmsg);\n  cy.logger('application', \"Validated success Login Msg-->Login Test\");\n  const monitorobj = new _Monitor.default();\n  monitorobj.isMonitorDisplayed();\n  monitorobj.ValidateMonitor1(data.monitor1);\n  monitorobj.Validatemonitor1Price(data.m1Price);\n  monitorobj.ValidateMonitor2(data.monitor2);\n  monitorobj.Validatemonitor2Price(data.m2Price);\n  const loadTime = Date.now() - startTime;\n  cy.logger('performance', `TotalTime taken to ValidateMonitor's: ${loadTime}ms`);\n});",
              "err": {},
              "uuid": "62023d8d-f0cd-457a-bdc5-1c0f2d659004",
              "parentUUID": "8b554d4a-007f-42d0-ab5c-2ae635dde8f0",
              "isHook": false,
              "skipped": false
            }
          ],
          "suites": [],
          "passes": [
            "62023d8d-f0cd-457a-bdc5-1c0f2d659004"
          ],
          "failures": [],
          "pending": [],
          "skipped": [],
          "duration": 6715,
          "root": false,
          "rootEmpty": false,
          "_timeout": 2000
        },
        {
          "uuid": "f21433a7-f486-4f58-85b7-8001d162fdc0",
          "title": "Validate User is able to make Purchase",
          "fullFile": "",
          "file": "",
          "beforeHooks": [],
          "afterHooks": [],
          "tests": [
            {
              "title": "Validate Add Product",
              "fullTitle": "Validate User is able to make Purchase Validate Add Product",
              "timedOut": null,
              "duration": 21112,
              "state": "passed",
              "speed": "slow",
              "pass": true,
              "fail": false,
              "pending": false,
              "context": "{\n  \"title\": \"cypress-mochawesome-reporter-screenshots\",\n  \"value\": [\n    [\n      \"\\\\uiTest.cy.js\\\\Validate User is able to make Purchase -- Validate Add Product.png\",\n      \"\\\\uiTest.cy.js\\\\Validate User is able to make Purchase -- Validate Add Product (1).png\",\n      \"\\\\uiTest.cy.js\\\\OrderPurchased.png\"\n    ]\n  ]\n}",
              "code": "cy.viewport(1920, 1080);\ncy.fixture('product').then(data => {\n  const loginobj = new _Login.default();\n  loginobj.clickLogin();\n  loginobj.setUserName(data.UserName);\n  loginobj.setPassword(data.UserPassword);\n  cy.logger('application', \"Entered User Details-->Login Test\");\n  loginobj.clickLoginbtn();\n  loginobj.verifyLoginSuccessMsg(data.loginmsg);\n  cy.logger('application', \"Validated success Login Msg-->Login Test\");\n  const prdobj = new _AddProduct.default();\n  prdobj.addProduct();\n  prdobj.enterName(data.name);\n  prdobj.entercountry(data.Country);\n  prdobj.entercity(data.City);\n  prdobj.entercard(data.Creditcard);\n  prdobj.entermonth(data.Month);\n  prdobj.enteryear(data.Year);\n  prdobj.clickPurchase();\n  prdobj.validateOrder();\n  const loadTime = Date.now() - startTime;\n  cy.logger('performance', `TotalTime taken to Purchase Product: ${loadTime}ms`);\n});",
              "err": {},
              "uuid": "731d945c-006a-4c35-b20c-c649feccd46e",
              "parentUUID": "f21433a7-f486-4f58-85b7-8001d162fdc0",
              "isHook": false,
              "skipped": false
            }
          ],
          "suites": [],
          "passes": [
            "731d945c-006a-4c35-b20c-c649feccd46e"
          ],
          "failures": [],
          "pending": [],
          "skipped": [],
          "duration": 21112,
          "root": false,
          "rootEmpty": false,
          "_timeout": 2000
        }
      ],
      "passes": [],
      "failures": [],
      "pending": [],
      "skipped": [],
      "duration": 0,
      "root": true,
      "rootEmpty": true,
      "_timeout": 2000
    }
  ],
  "meta": {
    "mocha": {
      "version": "7.0.1"
    },
    "mochawesome": {
      "options": {
        "quiet": false,
        "reportFilename": "mochawesome",
        "saveHtml": true,
        "saveJson": true,
        "consoleReporter": "spec",
        "useInlineDiffs": false,
        "code": true
      },
      "version": "7.1.3"
    },
    "marge": {
      "options": {
        "reportDir": "cypress/reports/UIReport",
        "overwrite": false
      },
      "version": "6.2.0"
    }
  }
}